open source     > level 1, order 1, name 'D:/texlive/2020/texmf-dist/tex/context/base/mkiv/cont-yes.mkiv'
system          > 
system          > ConTeXt  ver: 2020.03.10 14:44 MKIV beta  fmt: 2021.4.14  int: english/english
system          > 
system          > 'cont-new.mkiv' loaded
open source     > level 2, order 2, name 'D:/texlive/2020/texmf-dist/tex/context/base/mkiv/cont-new.mkiv'
system          > beware: some patches loaded from cont-new.mkiv
close source    > level 2, order 2, name 'D:/texlive/2020/texmf-dist/tex/context/base/mkiv/cont-new.mkiv'
system          > files > jobname 'spd', input './spd.xml', result 'spd'
fonts           > latin modern fonts are not preloaded
languages       > language 'en' is active
open source     > level 2, order 3, name 'frakstil.tex'
open source     > level 3, order 4, name 'D:/texlive/2020/texmf-dist/tex/context/fonts/mkiv/type-imp-texgyre.mkiv'
close source    > level 3, order 4, name 'D:/texlive/2020/texmf-dist/tex/context/fonts/mkiv/type-imp-texgyre.mkiv'
close source    > level 2, order 4, name 'frakstil.tex'
sandbox         > call > processing as xml: ./spd.xml
structure       > sectioning > title @ level 2 : 0.0 -> \xmlflush {main::9}
backend         > xmp > using file 'D:/texlive/2020/texmf-dist/tex/context/base/mkiv/lpdf-pdx.xml'
pages           > flushing realpage 1, userpage 1, subpage 1
pages           > flushing realpage 2, userpage 2, subpage 2
pages           > flushing realpage 3, userpage 3, subpage 3
pages           > flushing realpage 4, userpage 4, subpage 4
pages           > flushing realpage 5, userpage 5, subpage 5
pages           > flushing realpage 6, userpage 6, subpage 6
pages           > flushing realpage 7, userpage 7, subpage 7

Underfull \hbox (badness 1152) in paragraph at lines 198--198
[]<1: texgyretermes-regular @ 11.0pt> Der <10: texgyretermes-italic @ 11.0pt> Wirt-schafts-mi-nis-ter <1: texgyretermes-regular @ 11.0pt> erläu-terte anschlie-ßend die Aus-wir-kun-gen der DM-Aufwertung. Er

\hbox(7.51408+2.39835)x426.78743, glue set 2.26126, direction TLT
.\localpar
..\localinterlinepenalty=0
..\localbrokenpenalty=0
..\localleftbox=null
..\localrightbox=null
.\hbox(0.0+0.0)x0.0, direction TLT
.<1: texgyretermes-regular @ 11.0pt> D
.<1: texgyretermes-regular @ 11.0pt> e
.<1: texgyretermes-regular @ 11.0pt> r
.etc.

pages           > flushing realpage 8, userpage 8, subpage 8
pages           > flushing realpage 9, userpage 9, subpage 9
pages           > flushing realpage 10, userpage 10, subpage 10
close source    > level 1, order 4, name 'D:/texlive/2020/texmf-dist/tex/context/base/mkiv/cont-yes.mkiv'

system          > start used files

system          > text: spd

system          > stop used files


system          > start used files

system          >    1: filename=char-prv.lua filetype=tex format=tex foundname=D:/texlive/2020/texmf-dist/tex/context/base/mkiv/char-prv.lua fullname=D:/texlive/2020/texmf-dist/tex/context/base/mkiv/char-prv.lua usedmethod=database
system          >    2: filename=cont-yes.mkiv filetype=tex foundname=D:/texlive/2020/texmf-dist/tex/context/base/mkiv/cont-yes.mkiv fullname=D:/texlive/2020/texmf-dist/tex/context/base/mkiv/cont-yes.mkiv usedmethod=database
system          >    3: filename=publ-imp-default.lua filetype=scripts foundname=D:/texlive/2020/texmf-dist/tex/context/base/mkiv/publ-imp-default.lua fullname=D:/texlive/2020/texmf-dist/tex/context/base/mkiv/publ-imp-default.lua usedmethod=database
system          >    4: filename=cont-new.mkiv filetype=tex foundname=D:/texlive/2020/texmf-dist/tex/context/base/mkiv/cont-new.mkiv fullname=D:/texlive/2020/texmf-dist/tex/context/base/mkiv/cont-new.mkiv usedmethod=database
system          >    5: filename=lang-exc.lua filetype=scripts foundname=D:/texlive/2020/texmf-dist/tex/context/base/mkiv/lang-exc.lua fullname=D:/texlive/2020/texmf-dist/tex/context/base/mkiv/lang-exc.lua usedmethod=database
system          >    6: filename=lang-us.lua filetype=scripts foundname=D:/texlive/2020/texmf-dist/tex/context/patterns/mkiv/lang-us.lua fullname=D:/texlive/2020/texmf-dist/tex/context/patterns/mkiv/lang-us.lua usedmethod=database
system          >    7: filename=frakstil.tex foundname=frakstil.tex fullname=C:/Users/Sven/KGParl-NC/SJ-Github/fraktionsprotokolle/tei-fraktionsprotokoll2ConTeXt/frakstil.tex usedmethod=direct
system          >    8: filename=lang-de.lua filetype=scripts foundname=D:/texlive/2020/texmf-dist/tex/context/patterns/mkiv/lang-de.lua fullname=D:/texlive/2020/texmf-dist/tex/context/patterns/mkiv/lang-de.lua usedmethod=database
system          >    9: filename=type-imp-texgyre.mkiv filetype=tex foundname=D:/texlive/2020/texmf-dist/tex/context/fonts/mkiv/type-imp-texgyre.mkiv fullname=D:/texlive/2020/texmf-dist/tex/context/fonts/mkiv/type-imp-texgyre.mkiv usedmethod=database
system          >   10: filename=lm.lfg filetype=tex foundname=D:/texlive/2020/texmf-dist/tex/context/fonts/mkiv/lm.lfg fullname=D:/texlive/2020/texmf-dist/tex/context/fonts/mkiv/lm.lfg usedmethod=database
system          >   11: filename=texgyretermes-regular filetype=otf format=otf foundname=D:/texlive/2020/texmf-dist/fonts/opentype/public/tex-gyre/texgyretermes-regular.otf fullname=D:/texlive/2020/texmf-dist/fonts/opentype/public/tex-gyre/texgyretermes-regular.otf usedmethod=database
system          >   12: filename=texgyretermes-math.otf filetype=otf format=otf foundname=D:/texlive/2020/texmf-dist/fonts/opentype/public/tex-gyre-math/texgyretermes-math.otf fullname=D:/texlive/2020/texmf-dist/fonts/opentype/public/tex-gyre-math/texgyretermes-math.otf usedmethod=database
system          >   13: filename=termes-math.lfg filetype=tex foundname=D:/texlive/2020/texmf-dist/tex/context/fonts/mkiv/termes-math.lfg fullname=D:/texlive/2020/texmf-dist/tex/context/fonts/mkiv/termes-math.lfg usedmethod=database
system          >   14: filename=spd.xml foundname=spd.xml fullname=C:/Users/Sven/KGParl-NC/SJ-Github/fraktionsprotokolle/tei-fraktionsprotokoll2ConTeXt/spd.xml usedmethod=direct
system          >   15: filename=texgyretermes-bold filetype=otf format=otf foundname=D:/texlive/2020/texmf-dist/fonts/opentype/public/tex-gyre/texgyretermes-bold.otf fullname=D:/texlive/2020/texmf-dist/fonts/opentype/public/tex-gyre/texgyretermes-bold.otf usedmethod=database
system          >   16: filename=texgyretermes-italic filetype=otf format=otf foundname=D:/texlive/2020/texmf-dist/fonts/opentype/public/tex-gyre/texgyretermes-italic.otf fullname=D:/texlive/2020/texmf-dist/fonts/opentype/public/tex-gyre/texgyretermes-italic.otf usedmethod=database
system          >   17: filename=pdftex.map filetype=map format=map foundname=D:/texlive/2020/texmf-var/fonts/map/pdftex/updmap/pdftex.map fullname=D:/texlive/2020/texmf-var/fonts/map/pdftex/updmap/pdftex.map usedmethod=database
system          >   18: filename=lpdf-pdx.xml filetype=tex foundname=D:/texlive/2020/texmf-dist/tex/context/base/mkiv/lpdf-pdx.xml fullname=D:/texlive/2020/texmf-dist/tex/context/base/mkiv/lpdf-pdx.xml usedmethod=database

system          > stop used files


system          > start commandline options

system          > currentrun="1"
system          > environment="frakstil"
system          > fulljobname="./spd.xml"
system          > input="./spd.xml"
system          > kindofrun="1"
system          > maxnofruns="9"
system          > texmfbinpath="D:/texlive/2020/bin/win32"

system          > stop commandline options


system          > start commandline files

system          >    1: ./spd.xml

system          > stop commandline files


modules         > start used modules


modules         > stop used modules


mkiv lua stats  > used config file: selfautoparent:/texmfcnf.lua;selfautoparent:/texmf-dist/web2c/texmfcnf.lua
mkiv lua stats  > used cache path: D:/texlive/2020/texmf-var/luatex-cache/context/a86c089b384a3076dc514ba966a1fac9
mkiv lua stats  > resource resolver: loadtime 0.129 seconds, 1 scans with scantime 0.003 seconds, 0 shared scans, 18 found files, scanned paths: C:/Users/Sven/.texlive2020/texmf-config
mkiv lua stats  > stored bytecode data: 450 modules (0.354 sec), 93 tables (0.013 sec), 543 chunks (0.367 sec)
mkiv lua stats  > traced context: maxstack: 1400, freed: 2, unreachable: 1398
mkiv lua stats  > cleaned up reserved nodes: 56 nodes, 9 lists of 442
mkiv lua stats  > node memory usage: 178 attribute, 45 attribute_list, 42 glue, 51 glue_spec, 3 kern, 2 penalty, 2 temp, 2 user_defined
mkiv lua stats  > node list callback tasks: 8 unique task lists, 7 instances (re)created, 3300 calls
mkiv lua stats  > h-node processing time: 0.077 seconds including kernel
mkiv lua stats  > attribute processing time: 0.015 seconds front- and backend
mkiv lua stats  > driver time: 0.699 seconds 
mkiv lua stats  > used backend: pdf (backend for directly generating pdf output)
mkiv lua stats  > jobdata time: 0.005 seconds saving, 0.002 seconds loading
mkiv lua stats  > callbacks: internal: 6438, file: 576, direct: 2, late: 42, function 3020, total: 10078 (1120 per page)
mkiv lua stats  > randomizer: resumed with value 0.78811645507813
mkiv lua stats  > result saved in file: spd.pdf, compresslevel 3, objectcompresslevel 1
mkiv lua stats  > loaded patterns: de::3 en::1, load time: 0.000
mkiv lua stats  > xml load time: 0.003 seconds, 1 files, 1 converted
mkiv lua stats  > lxml preparation time: 0.003 seconds, 504 nodes, 33 lpath calls, 4 cached calls
mkiv lua stats  > interactive elements: 0 references, 41 destinations
mkiv lua stats  > loaded fonts: 4 files: texgyretermes-math.otf, texgyretermes-bold.otf, texgyretermes-italic.otf, texgyretermes-regular.otf
mkiv lua stats  > font engine: otf 3.111, afm 1.513, tfm 1.000, 19 instances, 13 shared in backend, 3 common vectors, 10 common hashes, load time 0.308 seconds 
mkiv lua stats  > used platform: mswin, type: windows, binary subtree: bin
mkiv lua stats  > used engine: luatex version: 1.12, functionality level: 7306, banner: this is luatex, version 1.12.0 (tex live 2020/w32tex)
mkiv lua stats  > control sequences: 46138 of 65536 + 100000
mkiv lua stats  > lua properties: engine: lua 5.3, used memory: 139 MB, ctx: 138 MB, max: unknown MB, hash chars: min(32,40), symbol mask: utf (τεχ)
mkiv lua stats  > runtime: 1.864 seconds, 10 processed pages, 10 shipped pages, 5.365 pages/second

